# JRE version: OpenJDK Runtime Environment (17.0.6) (build 17.0.6+0-b2043.56-10027231)
# Java VM: OpenJDK 64-Bit Server VM (17.0.6+0-b2043.56-10027231, mixed mode, tiered, compressed oops, compressed class ptrs, g1 gc, windows-amd64)
GC Precious Log:
 CPUs: 8 total, 8 available
 Memory: 16343M
 Large Page Support: Disabled
 NUMA Support: Disabled
 Compressed Oops: Enabled (Zero based)
 Heap Region Size: 2M
 Heap Min Capacity: 8M
 Heap Initial Capacity: 256M
 Heap Max Capacity: 4086M
 Pre-touch: Disabled
 Parallel Workers: 8
 Concurrent Workers: 2
 Concurrent Refinement Workers: 8
 Periodic GC: Disabled
Heap:
 garbage-first heap   total 155648K, used 77023K [0x0000000700a00000, 0x0000000800000000)
  region size 2048K, 26 young (53248K), 1 survivors (2048K)
 Metaspace       used 48945K, committed 49280K, reserved 1097728K
  class space    used 5920K, committed 6080K, reserved 1048576K
GC Heap History (18 events):
Event: 0.386 GC heap before
{Heap before GC invocations=0 (full 0):
 garbage-first heap   total 262144K, used 24576K [0x0000000700a00000, 0x0000000800000000)
  region size 2048K, 11 young (22528K), 0 survivors (0K)
 Metaspace       used 12879K, committed 12992K, reserved 1064960K
  class space    used 1226K, committed 1280K, reserved 1048576K
}
Event: 0.388 GC heap after
{Heap after GC invocations=1 (full 0):
 garbage-first heap   total 262144K, used 6741K [0x0000000700a00000, 0x0000000800000000)
  region size 2048K, 2 young (4096K), 2 survivors (4096K)
 Metaspace       used 12879K, committed 12992K, reserved 1064960K
  class space    used 1226K, committed 1280K, reserved 1048576K
}
Event: 0.788 GC heap before
{Heap before GC invocations=1 (full 0):
 garbage-first heap   total 262144K, used 39509K [0x0000000700a00000, 0x0000000800000000)
  region size 2048K, 18 young (36864K), 2 survivors (4096K)
 Metaspace       used 21030K, committed 21312K, reserved 1073152K
  class space    used 2296K, committed 2432K, reserved 1048576K
}
Event: 0.792 GC heap after
{Heap after GC invocations=2 (full 0):
 garbage-first heap   total 262144K, used 10240K [0x0000000700a00000, 0x0000000800000000)
  region size 2048K, 3 young (6144K), 3 survivors (6144K)
 Metaspace       used 21030K, committed 21312K, reserved 1073152K
  class space    used 2296K, committed 2432K, reserved 1048576K
}
Event: 0.801 GC heap before
{Heap before GC invocations=2 (full 0):
 garbage-first heap   total 262144K, used 10240K [0x0000000700a00000, 0x0000000800000000)
  region size 2048K, 4 young (8192K), 3 survivors (6144K)
 Metaspace       used 21297K, committed 21504K, reserved 1073152K
  class space    used 2326K, committed 2432K, reserved 1048576K
}
Event: 0.804 GC heap after
{Heap after GC invocations=3 (full 0):
 garbage-first heap   total 262144K, used 10668K [0x0000000700a00000, 0x0000000800000000)
  region size 2048K, 4 young (8192K), 4 survivors (8192K)
 Metaspace       used 21297K, committed 21504K, reserved 1073152K
  class space    used 2326K, committed 2432K, reserved 1048576K
}
Event: 1.096 GC heap before
{Heap before GC invocations=4 (full 0):
 garbage-first heap   total 49152K, used 35244K [0x0000000700a00000, 0x0000000800000000)
  region size 2048K, 15 young (30720K), 4 survivors (8192K)
 Metaspace       used 27921K, committed 28160K, reserved 1081344K
  class space    used 3081K, committed 3200K, reserved 1048576K
}
Event: 1.103 GC heap after
{Heap after GC invocations=5 (full 0):
 garbage-first heap   total 49152K, used 16639K [0x0000000700a00000, 0x0000000800000000)
  region size 2048K, 5 young (10240K), 5 survivors (10240K)
 Metaspace       used 27921K, committed 28160K, reserved 1081344K
  class space    used 3081K, committed 3200K, reserved 1048576K
}
Event: 1.328 GC heap before
{Heap before GC invocations=5 (full 0):
 garbage-first heap   total 49152K, used 28927K [0x0000000700a00000, 0x0000000800000000)
  region size 2048K, 12 young (24576K), 5 survivors (10240K)
 Metaspace       used 31468K, committed 31680K, reserved 1081344K
  class space    used 3828K, committed 3904K, reserved 1048576K
}
Event: 1.337 GC heap after
{Heap after GC invocations=6 (full 0):
 garbage-first heap   total 49152K, used 18561K [0x0000000700a00000, 0x0000000800000000)
  region size 2048K, 2 young (4096K), 2 survivors (4096K)
 Metaspace       used 31468K, committed 31680K, reserved 1081344K
  class space    used 3828K, committed 3904K, reserved 1048576K
}
Event: 1.564 GC heap before
{Heap before GC invocations=6 (full 0):
 garbage-first heap   total 49152K, used 34945K [0x0000000700a00000, 0x0000000800000000)
  region size 2048K, 10 young (20480K), 2 survivors (4096K)
 Metaspace       used 33246K, committed 33472K, reserved 1081344K
  class space    used 4245K, committed 4352K, reserved 1048576K
}
Event: 1.574 GC heap after
{Heap after GC invocations=7 (full 0):
 garbage-first heap   total 49152K, used 24033K [0x0000000700a00000, 0x0000000800000000)
  region size 2048K, 2 young (4096K), 2 survivors (4096K)
 Metaspace       used 33246K, committed 33472K, reserved 1081344K
  class space    used 4245K, committed 4352K, reserved 1048576K
}
Event: 1.810 GC heap before
{Heap before GC invocations=7 (full 0):
 garbage-first heap   total 49152K, used 32225K [0x0000000700a00000, 0x0000000800000000)
  region size 2048K, 7 young (14336K), 2 survivors (4096K)
 Metaspace       used 35801K, committed 35968K, reserved 1081344K
  class space    used 4521K, committed 4608K, reserved 1048576K
}
Event: 1.820 GC heap after
{Heap after GC invocations=8 (full 0):
 garbage-first heap   total 49152K, used 26058K [0x0000000700a00000, 0x0000000800000000)
  region size 2048K, 1 young (2048K), 1 survivors (2048K)
 Metaspace       used 35801K, committed 35968K, reserved 1081344K
  class space    used 4521K, committed 4608K, reserved 1048576K
}
Event: 1.949 GC heap before
{Heap before GC invocations=9 (full 0):
 garbage-first heap   total 49152K, used 34250K [0x0000000700a00000, 0x0000000800000000)
  region size 2048K, 6 young (12288K), 1 survivors (2048K)
 Metaspace       used 37212K, committed 37440K, reserved 1089536K
  class space    used 4700K, committed 4800K, reserved 1048576K
}
Event: 1.952 GC heap after
{Heap after GC invocations=10 (full 0):
 garbage-first heap   total 49152K, used 25348K [0x0000000700a00000, 0x0000000800000000)
  region size 2048K, 1 young (2048K), 1 survivors (2048K)
 Metaspace       used 37212K, committed 37440K, reserved 1089536K
  class space    used 4700K, committed 4800K, reserved 1048576K
}
Event: 1.990 GC heap before
{Heap before GC invocations=10 (full 0):
 garbage-first heap   total 49152K, used 27396K [0x0000000700a00000, 0x0000000800000000)
  region size 2048K, 2 young (4096K), 1 survivors (2048K)
 Metaspace       used 37529K, committed 37760K, reserved 1089536K
  class space    used 4735K, committed 4800K, reserved 1048576K
}
Event: 1.997 GC heap after
{Heap after GC invocations=11 (full 0):
 garbage-first heap   total 155648K, used 25823K [0x0000000700a00000, 0x0000000800000000)
  region size 2048K, 1 young (2048K), 1 survivors (2048K)
 Metaspace       used 37529K, committed 37760K, reserved 1089536K
  class space    used 4735K, committed 4800K, reserved 1048576K
}

